{"/home/vikramsinghshahi/Documents/advance-javascript/TA-JS-advanced-dom-and-test-TJaaan/block-BJaajc/code/add.js": {"path":"/home/vikramsinghshahi/Documents/advance-javascript/TA-JS-advanced-dom-and-test-TJaaan/block-BJaajc/code/add.js","statementMap":{"0":{"start":{"line":2,"column":2},"end":{"line":2,"column":15}},"1":{"start":{"line":5,"column":0},"end":{"line":5,"column":21}}},"fnMap":{"0":{"name":"add","decl":{"start":{"line":1,"column":9},"end":{"line":1,"column":12}},"loc":{"start":{"line":1,"column":19},"end":{"line":3,"column":1}},"line":1}},"branchMap":{},"s":{"0":2,"1":1},"f":{"0":2},"b":{},"_coverageSchema":"1a1c01bbd47fc00a2c39e90264f33305004495a9","hash":"167da26239f4ce82a1ed3e4c254b8d764dc3f9dd"}
,"/home/vikramsinghshahi/Documents/advance-javascript/TA-JS-advanced-dom-and-test-TJaaan/block-BJaajc/code/fullname.js": {"path":"/home/vikramsinghshahi/Documents/advance-javascript/TA-JS-advanced-dom-and-test-TJaaan/block-BJaajc/code/fullname.js","statementMap":{"0":{"start":{"line":2,"column":2},"end":{"line":2,"column":36}},"1":{"start":{"line":5,"column":0},"end":{"line":5,"column":29}}},"fnMap":{"0":{"name":"getFullName","decl":{"start":{"line":1,"column":9},"end":{"line":1,"column":20}},"loc":{"start":{"line":1,"column":42},"end":{"line":3,"column":1}},"line":1}},"branchMap":{},"s":{"0":1,"1":1},"f":{"0":1},"b":{},"_coverageSchema":"1a1c01bbd47fc00a2c39e90264f33305004495a9","hash":"849e825d652befeb2707967e893d11f4ce995fa3"}
,"/home/vikramsinghshahi/Documents/advance-javascript/TA-JS-advanced-dom-and-test-TJaaan/block-BJaajc/code/sub.js": {"path":"/home/vikramsinghshahi/Documents/advance-javascript/TA-JS-advanced-dom-and-test-TJaaan/block-BJaajc/code/sub.js","statementMap":{"0":{"start":{"line":2,"column":2},"end":{"line":2,"column":15}},"1":{"start":{"line":5,"column":0},"end":{"line":5,"column":21}}},"fnMap":{"0":{"name":"sub","decl":{"start":{"line":1,"column":9},"end":{"line":1,"column":12}},"loc":{"start":{"line":1,"column":19},"end":{"line":3,"column":1}},"line":1}},"branchMap":{},"s":{"0":2,"1":1},"f":{"0":2},"b":{},"_coverageSchema":"1a1c01bbd47fc00a2c39e90264f33305004495a9","hash":"06623b8ce03808d626277c3bcae718017fa2e992"}
}
